<?xml version="1.0" encoding="UTF-8"?>
<testsuite xmlns:xsi="http://www.w3.org/2001/XMLSchema-instance" xsi:noNamespaceSchemaLocation="https://maven.apache.org/surefire/maven-surefire-plugin/xsd/surefire-test-report-3.0.xsd" version="3.0" name="com.example.CalculatorTest" time="0.051" tests="5" errors="0" skipped="0" failures="0">
  <properties>
[...]
</properties>
  <testcase name="multiply_shouldReturnProduct" classname="com.example.CalculatorTest" time="0.034"/>
  <testcase name="divide_shouldThrowExceptionWhenDivisorIsZero" classname="com.example.CalculatorTest" time="0.001"/>
  <testcase name="divide_shouldReturnQuotient" classname="com.example.CalculatorTest" time="0"/>
  <testcase name="subtract_shouldReturnDifference" classname="com.example.CalculatorTest" time="0"/>
  <testcase name="add_shouldReturnSum" classname="com.example.CalculatorTest" time="0.001"/>
</testsuite>